===== Wed May 20 01:17:52 PM CST 2026 =====
DIR=/home/leonvic13/ferre_systems/baseleonV2/ticket_printer
PATH=/home/leonvic13/.opencode/bin:/home/leonvic13/.local/bin:/home/leonvic13/.nvm/versions/node/v23.0.0/bin:/home/leonvic13/.local/bin:/home/leonvic13/.local/bin:/usr/local/bin:/usr/bin:/bin:/usr/local/games:/usr/games:/usr/local/bin/ignition:/usr/local/bin/ignition
USER=leonvic13
PYTHON=/usr/bin/python3
Installing requirements...
error: externally-managed-environment

× This environment is externally managed
╰─> To install Python packages system-wide, try apt install
    python3-xyz, where xyz is the package you are trying to
    install.
    
    If you wish to install a non-Debian-packaged Python package,
    create a virtual environment using python3 -m venv path/to/venv.
    Then use path/to/venv/bin/python and path/to/venv/bin/pip. Make
    sure you have python3-full installed.
    
    If you wish to install a non-Debian packaged Python application,
    it may be easiest to use pipx install xyz, which will manage a
    virtual environment for you. Make sure you have pipx installed.
    
    See /usr/share/doc/python3.11/README.venv for more information.

note: If you believe this is a mistake, please contact your Python installation or OS distribution provider. You can override this, at the risk of breaking your Python installation or OS, by passing --break-system-packages.
hint: See PEP 668 for the detailed specification.
===== Wed May 20 01:18:07 PM CST 2026 =====
DIR=/home/leonvic13/ferre_systems/baseleonV2/ticket_printer
Creating virtual environment...
Checking dependencies...
Installing requirements...
Launching main.py...
===== Wed May 20 01:18:50 PM CST 2026 =====
DIR=/home/leonvic13/ferre_systems/baseleonV2/ticket_printer
Checking dependencies...
Launching main.py...
===== Wed May 20 01:19:24 PM CST 2026 =====
DIR=/home/leonvic13/ferre_systems/baseleonV2/ticket_printer
Checking dependencies...
Launching main.py...
===== Wed May 20 01:19:47 PM CST 2026 =====
DIR=/home/leonvic13/ferre_systems/baseleonV2/ticket_printer
Checking dependencies...
Launching main.py...
===== Wed May 20 01:20:04 PM CST 2026 =====
DIR=/home/leonvic13/ferre_systems/baseleonV2/ticket_printer
Checking dependencies...
Launching main.py...
===== Wed May 20 01:23:04 PM CST 2026 =====
DIR=/home/leonvic13/ferre_systems/baseleonV2/ticket_printer
Checking dependencies...
Launching main.py...
===== Wed May 20 01:23:08 PM CST 2026 =====
DIR=/home/leonvic13/ferre_systems/baseleonV2/ticket_printer
Checking dependencies...
Launching main.py...
===== Wed May 20 01:23:12 PM CST 2026 =====
DIR=/home/leonvic13/ferre_systems/baseleonV2/ticket_printer
Checking dependencies...
Launching main.py...
===== Wed May 20 01:23:39 PM CST 2026 =====
DIR=/home/leonvic13/ferre_systems/baseleonV2/ticket_printer
Checking dependencies...
Launching main.py...
Exception ignored in: <function Escpos.__del__ at 0x7faad4c0c860>
Traceback (most recent call last):
  File "/home/leonvic13/ferre_systems/baseleonV2/ticket_printer/venv/lib/python3.11/site-packages/escpos/escpos.py", line 134, in __del__
    self.close()
  File "/home/leonvic13/ferre_systems/baseleonV2/ticket_printer/venv/lib/python3.11/site-packages/escpos/printer/usb.py", line 44, in wrapper
    raise RuntimeError(
RuntimeError: Printing with USB connection requires a usb library tobe installed. Please refer to the documentation onwhat to install and install the dependencies for USB.
Exception ignored in: <function Escpos.__del__ at 0x7faad4c0c860>
Traceback (most recent call last):
  File "/home/leonvic13/ferre_systems/baseleonV2/ticket_printer/venv/lib/python3.11/site-packages/escpos/escpos.py", line 134, in __del__
    self.close()
  File "/home/leonvic13/ferre_systems/baseleonV2/ticket_printer/venv/lib/python3.11/site-packages/escpos/printer/usb.py", line 44, in wrapper
    raise RuntimeError(
RuntimeError: Printing with USB connection requires a usb library tobe installed. Please refer to the documentation onwhat to install and install the dependencies for USB.
===== Wed May 20 01:31:33 PM CST 2026 =====
DIR=/home/leonvic13/ferre_systems/baseleonV2/ticket_printer
Checking dependencies...
Launching main.py...
Exception ignored in: <function Escpos.__del__ at 0x7f47f5808860>
Traceback (most recent call last):
  File "/home/leonvic13/ferre_systems/baseleonV2/ticket_printer/venv/lib/python3.11/site-packages/escpos/escpos.py", line 134, in __del__
    self.close()
  File "/home/leonvic13/ferre_systems/baseleonV2/ticket_printer/venv/lib/python3.11/site-packages/escpos/printer/usb.py", line 44, in wrapper
    raise RuntimeError(
RuntimeError: Printing with USB connection requires a usb library tobe installed. Please refer to the documentation onwhat to install and install the dependencies for USB.
===== Wed May 20 01:38:44 PM CST 2026 =====
DIR=/home/leonvic13/ferre_systems/baseleonV2/ticket_printer
Checking dependencies...
Launching main.py...
